# JRE version: OpenJDK Runtime Environment (8.0_242-b01) (build 1.8.0_242-release-1644-b01)
# Java VM: OpenJDK 64-Bit Server VM (25.242-b01 mixed mode windows-amd64 compressed oops)
Heap:
 PSYoungGen      total 384512K, used 333540K [0x00000000d5580000, 0x00000000f0080000, 0x0000000100000000)
  eden space 347648K, 93% used [0x00000000d5580000,0x00000000e93dd4b8,0x00000000ea900000)
  from space 36864K, 20% used [0x00000000ea900000,0x00000000eb05bed0,0x00000000ecd00000)
  to   space 35840K, 0% used [0x00000000edd80000,0x00000000edd80000,0x00000000f0080000)
 ParOldGen       total 90624K, used 64975K [0x0000000080000000, 0x0000000085880000, 0x00000000d5580000)
  object space 90624K, 71% used [0x0000000080000000,0x0000000083f73dd8,0x0000000085880000)
 Metaspace       used 82307K, capacity 86698K, committed 87448K, reserved 1124352K
  class space    used 11123K, capacity 11924K, committed 12208K, reserved 1048576K
GC Heap History (10 events):
Event: 44.478 GC heap before
{Heap before GC invocations=28 (full 12):
 PSYoungGen      total 370176K, used 330240K [0x00000000d5580000, 0x00000000f0000000, 0x0000000100000000)
  eden space 330240K, 100% used [0x00000000d5580000,0x00000000e9800000,0x00000000e9800000)
  from space 39936K, 0% used [0x00000000ebe80000,0x00000000ebe80000,0x00000000ee580000)
  to   space 39424K, 0% used [0x00000000e9800000,0x00000000e9800000,0x00000000ebe80000)
 ParOldGen       total 90624K, used 80694K [0x0000000080000000, 0x0000000085880000, 0x00000000d5580000)
  object space 90624K, 89% used [0x0000000080000000,0x0000000084ecd828,0x0000000085880000)
 Metaspace       used 81096K, capacity 85280K, committed 86296K, reserved 1124352K
  class space    used 11022K, capacity 11781K, committed 12080K, reserved 1048576K
Event: 44.979 GC heap after
Heap after GC invocations=28 (full 12):
 PSYoungGen      total 370176K, used 0K [0x00000000d5580000, 0x00000000f0000000, 0x0000000100000000)
  eden space 330240K, 0% used [0x00000000d5580000,0x00000000d5580000,0x00000000e9800000)
  from space 39936K, 0% used [0x00000000ebe80000,0x00000000ebe80000,0x00000000ee580000)
  to   space 39424K, 0% used [0x00000000e9800000,0x00000000e9800000,0x00000000ebe80000)
 ParOldGen       total 90624K, used 82691K [0x0000000080000000, 0x0000000085880000, 0x00000000d5580000)
  object space 90624K, 91% used [0x0000000080000000,0x00000000850c0c78,0x0000000085880000)
 Metaspace       used 81096K, capacity 85280K, committed 86296K, reserved 1124352K
  class space    used 11022K, capacity 11781K, committed 12080K, reserved 1048576K
}
Event: 45.814 GC heap before
{Heap before GC invocations=29 (full 13):
 PSYoungGen      total 370176K, used 330240K [0x00000000d5580000, 0x00000000f0000000, 0x0000000100000000)
  eden space 330240K, 100% used [0x00000000d5580000,0x00000000e9800000,0x00000000e9800000)
  from space 39936K, 0% used [0x00000000ebe80000,0x00000000ebe80000,0x00000000ee580000)
  to   space 39424K, 0% used [0x00000000e9800000,0x00000000e9800000,0x00000000ebe80000)
 ParOldGen       total 90624K, used 82691K [0x0000000080000000, 0x0000000085880000, 0x00000000d5580000)
  object space 90624K, 91% used [0x0000000080000000,0x00000000850c0c78,0x0000000085880000)
 Metaspace       used 81129K, capacity 85284K, committed 86296K, reserved 1124352K
  class space    used 11022K, capacity 11781K, committed 12080K, reserved 1048576K
Event: 45.981 GC heap after
Heap after GC invocations=29 (full 13):
 PSYoungGen      total 370176K, used 0K [0x00000000d5580000, 0x00000000f0000000, 0x0000000100000000)
  eden space 330240K, 0% used [0x00000000d5580000,0x00000000d5580000,0x00000000e9800000)
  from space 39936K, 0% used [0x00000000ebe80000,0x00000000ebe80000,0x00000000ee580000)
  to   space 39424K, 0% used [0x00000000e9800000,0x00000000e9800000,0x00000000ebe80000)
 ParOldGen       total 90624K, used 64967K [0x0000000080000000, 0x0000000085880000, 0x00000000d5580000)
  object space 90624K, 71% used [0x0000000080000000,0x0000000083f71dd8,0x0000000085880000)
 Metaspace       used 81129K, capacity 85284K, committed 86296K, reserved 1124352K
  class space    used 11022K, capacity 11781K, committed 12080K, reserved 1048576K
}
Event: 46.927 GC heap before
{Heap before GC invocations=30 (full 13):
 PSYoungGen      total 370176K, used 330240K [0x00000000d5580000, 0x00000000f0000000, 0x0000000100000000)
  eden space 330240K, 100% used [0x00000000d5580000,0x00000000e9800000,0x00000000e9800000)
  from space 39936K, 0% used [0x00000000ebe80000,0x00000000ebe80000,0x00000000ee580000)
  to   space 39424K, 0% used [0x00000000e9800000,0x00000000e9800000,0x00000000ebe80000)
 ParOldGen       total 90624K, used 64967K [0x0000000080000000, 0x0000000085880000, 0x00000000d5580000)
  object space 90624K, 71% used [0x0000000080000000,0x0000000083f71dd8,0x0000000085880000)
 Metaspace       used 81142K, capacity 85284K, committed 86296K, reserved 1124352K
  class space    used 11022K, capacity 11781K, committed 12080K, reserved 1048576K
Event: 46.941 GC heap after
Heap after GC invocations=30 (full 13):
 PSYoungGen      total 369664K, used 4224K [0x00000000d5580000, 0x00000000ef780000, 0x0000000100000000)
  eden space 330240K, 0% used [0x00000000d5580000,0x00000000d5580000,0x00000000e9800000)
  from space 39424K, 10% used [0x00000000e9800000,0x00000000e9c20000,0x00000000ebe80000)
  to   space 38912K, 0% used [0x00000000ed180000,0x00000000ed180000,0x00000000ef780000)
 ParOldGen       total 90624K, used 64967K [0x0000000080000000, 0x0000000085880000, 0x00000000d5580000)
  object space 90624K, 71% used [0x0000000080000000,0x0000000083f71dd8,0x0000000085880000)
 Metaspace       used 81142K, capacity 85284K, committed 86296K, reserved 1124352K
  class space    used 11022K, capacity 11781K, committed 12080K, reserved 1048576K
}
Event: 48.174 GC heap before
{Heap before GC invocations=31 (full 13):
 PSYoungGen      total 369664K, used 334464K [0x00000000d5580000, 0x00000000ef780000, 0x0000000100000000)
  eden space 330240K, 100% used [0x00000000d5580000,0x00000000e9800000,0x00000000e9800000)
  from space 39424K, 10% used [0x00000000e9800000,0x00000000e9c20000,0x00000000ebe80000)
  to   space 38912K, 0% used [0x00000000ed180000,0x00000000ed180000,0x00000000ef780000)
 ParOldGen       total 90624K, used 64967K [0x0000000080000000, 0x0000000085880000, 0x00000000d5580000)
  object space 90624K, 71% used [0x0000000080000000,0x0000000083f71dd8,0x0000000085880000)
 Metaspace       used 81204K, capacity 85422K, committed 86552K, reserved 1124352K
  class space    used 11022K, capacity 11782K, committed 12080K, reserved 1048576K
Event: 48.198 GC heap after
Heap after GC invocations=31 (full 13):
 PSYoungGen      total 379904K, used 15264K [0x00000000d5580000, 0x00000000ef100000, 0x0000000100000000)
  eden space 347648K, 0% used [0x00000000d5580000,0x00000000d5580000,0x00000000ea900000)
  from space 32256K, 47% used [0x00000000ed180000,0x00000000ee0680c8,0x00000000ef100000)
  to   space 36864K, 0% used [0x00000000ea900000,0x00000000ea900000,0x00000000ecd00000)
 ParOldGen       total 90624K, used 64975K [0x0000000080000000, 0x0000000085880000, 0x00000000d5580000)
  object space 90624K, 71% used [0x0000000080000000,0x0000000083f73dd8,0x0000000085880000)
 Metaspace       used 81204K, capacity 85422K, committed 86552K, reserved 1124352K
  class space    used 11022K, capacity 11782K, committed 12080K, reserved 1048576K
}
Event: 49.479 GC heap before
{Heap before GC invocations=32 (full 13):
 PSYoungGen      total 379904K, used 362912K [0x00000000d5580000, 0x00000000ef100000, 0x0000000100000000)
  eden space 347648K, 100% used [0x00000000d5580000,0x00000000ea900000,0x00000000ea900000)
  from space 32256K, 47% used [0x00000000ed180000,0x00000000ee0680c8,0x00000000ef100000)
  to   space 36864K, 0% used [0x00000000ea900000,0x00000000ea900000,0x00000000ecd00000)
 ParOldGen       total 90624K, used 64975K [0x0000000080000000, 0x0000000085880000, 0x00000000d5580000)
  object space 90624K, 71% used [0x0000000080000000,0x0000000083f73dd8,0x0000000085880000)
 Metaspace       used 81221K, capacity 85426K, committed 86552K, reserved 1124352K
  class space    used 11022K, capacity 11782K, committed 12080K, reserved 1048576K
Event: 49.537 GC heap after
Heap after GC invocations=32 (full 13):
 PSYoungGen      total 384512K, used 7535K [0x00000000d5580000, 0x00000000f0080000, 0x0000000100000000)
  eden space 347648K, 0% used [0x00000000d5580000,0x00000000d5580000,0x00000000ea900000)
  from space 36864K, 20% used [0x00000000ea900000,0x00000000eb05bed0,0x00000000ecd00000)
  to   space 35840K, 0% used [0x00000000edd80000,0x00000000edd80000,0x00000000f0080000)
 ParOldGen       total 90624K, used 64975K [0x0000000080000000, 0x0000000085880000, 0x00000000d5580000)
  object space 90624K, 71% used [0x0000000080000000,0x0000000083f73dd8,0x0000000085880000)
 Metaspace       used 81221K, capacity 85426K, committed 86552K, reserved 1124352K
  class space    used 11022K, capacity 11782K, committed 12080K, reserved 1048576K
}

