# JRE version: OpenJDK Runtime Environment (8.0_242-b01) (build 1.8.0_242-release-1644-b01)
# Java VM: OpenJDK 64-Bit Server VM (25.242-b01 mixed mode windows-amd64 compressed oops)
Heap:
 PSYoungGen      total 305152K, used 146048K [0x00000000d5580000, 0x00000000ef700000, 0x0000000100000000)
  eden space 266752K, 50% used [0x00000000d5580000,0x00000000dda35dc0,0x00000000e5a00000)
  from space 38400K, 26% used [0x00000000e5a00000,0x00000000e63ea3e0,0x00000000e7f80000)
  to   space 56320K, 0% used [0x00000000ec000000,0x00000000ec000000,0x00000000ef700000)
 ParOldGen       total 93696K, used 93362K [0x0000000080000000, 0x0000000085b80000, 0x00000000d5580000)
  object space 93696K, 99% used [0x0000000080000000,0x0000000085b2cba8,0x0000000085b80000)
 Metaspace       used 90077K, capacity 94324K, committed 96152K, reserved 1132544K
  class space    used 11957K, capacity 12750K, committed 13232K, reserved 1048576K
GC Heap History (10 events):
Event: 21.273 GC heap before
{Heap before GC invocations=17 (full 3):
 PSYoungGen      total 206336K, used 186880K [0x00000000d5580000, 0x00000000e7180000, 0x0000000100000000)
  eden space 186880K, 100% used [0x00000000d5580000,0x00000000e0c00000,0x00000000e0c00000)
  from space 19456K, 0% used [0x00000000e0c00000,0x00000000e0c00000,0x00000000e1f00000)
  to   space 19456K, 0% used [0x00000000e5e80000,0x00000000e5e80000,0x00000000e7180000)
 ParOldGen       total 93696K, used 29816K [0x0000000080000000, 0x0000000085b80000, 0x00000000d5580000)
  object space 93696K, 31% used [0x0000000080000000,0x0000000081d1e010,0x0000000085b80000)
 Metaspace       used 64124K, capacity 67316K, committed 67608K, reserved 1107968K
  class space    used 8862K, capacity 9481K, committed 9520K, reserved 1048576K
Event: 21.339 GC heap after
Heap after GC invocations=17 (full 3):
 PSYoungGen      total 245760K, used 15878K [0x00000000d5580000, 0x00000000e6e80000, 0x0000000100000000)
  eden space 229376K, 0% used [0x00000000d5580000,0x00000000d5580000,0x00000000e3580000)
  from space 16384K, 96% used [0x00000000e5e80000,0x00000000e6e01860,0x00000000e6e80000)
  to   space 21504K, 0% used [0x00000000e4480000,0x00000000e4480000,0x00000000e5980000)
 ParOldGen       total 93696K, used 29824K [0x0000000080000000, 0x0000000085b80000, 0x00000000d5580000)
  object space 93696K, 31% used [0x0000000080000000,0x0000000081d20010,0x0000000085b80000)
 Metaspace       used 64124K, capacity 67316K, committed 67608K, reserved 1107968K
  class space    used 8862K, capacity 9481K, committed 9520K, reserved 1048576K
}
Event: 27.356 GC heap before
{Heap before GC invocations=18 (full 3):
 PSYoungGen      total 245760K, used 245254K [0x00000000d5580000, 0x00000000e6e80000, 0x0000000100000000)
  eden space 229376K, 100% used [0x00000000d5580000,0x00000000e3580000,0x00000000e3580000)
  from space 16384K, 96% used [0x00000000e5e80000,0x00000000e6e01860,0x00000000e6e80000)
  to   space 21504K, 0% used [0x00000000e4480000,0x00000000e4480000,0x00000000e5980000)
 ParOldGen       total 93696K, used 29824K [0x0000000080000000, 0x0000000085b80000, 0x00000000d5580000)
  object space 93696K, 31% used [0x0000000080000000,0x0000000081d20010,0x0000000085b80000)
 Metaspace       used 68397K, capacity 71708K, committed 71960K, reserved 1112064K
  class space    used 9345K, capacity 9985K, committed 10032K, reserved 1048576K
Event: 27.488 GC heap after
Heap after GC invocations=18 (full 3):
 PSYoungGen      total 266240K, used 18620K [0x00000000d5580000, 0x00000000e9680000, 0x0000000100000000)
  eden space 244736K, 0% used [0x00000000d5580000,0x00000000d5580000,0x00000000e4480000)
  from space 21504K, 86% used [0x00000000e4480000,0x00000000e56af008,0x00000000e5980000)
  to   space 23552K, 0% used [0x00000000e7f80000,0x00000000e7f80000,0x00000000e9680000)
 ParOldGen       total 93696K, used 29832K [0x0000000080000000, 0x0000000085b80000, 0x00000000d5580000)
  object space 93696K, 31% used [0x0000000080000000,0x0000000081d22010,0x0000000085b80000)
 Metaspace       used 68397K, capacity 71708K, committed 71960K, reserved 1112064K
  class space    used 9345K, capacity 9985K, committed 10032K, reserved 1048576K
}
Event: 32.210 GC heap before
{Heap before GC invocations=19 (full 3):
 PSYoungGen      total 266240K, used 263356K [0x00000000d5580000, 0x00000000e9680000, 0x0000000100000000)
  eden space 244736K, 100% used [0x00000000d5580000,0x00000000e4480000,0x00000000e4480000)
  from space 21504K, 86% used [0x00000000e4480000,0x00000000e56af008,0x00000000e5980000)
  to   space 23552K, 0% used [0x00000000e7f80000,0x00000000e7f80000,0x00000000e9680000)
 ParOldGen       total 93696K, used 29832K [0x0000000080000000, 0x0000000085b80000, 0x00000000d5580000)
  object space 93696K, 31% used [0x0000000080000000,0x0000000081d22010,0x0000000085b80000)
 Metaspace       used 80139K, capacity 84652K, committed 84888K, reserved 1122304K
  class space    used 11017K, capacity 11844K, committed 11952K, reserved 1048576K
Event: 32.410 GC heap after
Heap after GC invocations=19 (full 3):
 PSYoungGen      total 290304K, used 23530K [0x00000000d5580000, 0x00000000ecc00000, 0x0000000100000000)
  eden space 266752K, 0% used [0x00000000d5580000,0x00000000d5580000,0x00000000e5a00000)
  from space 23552K, 99% used [0x00000000e7f80000,0x00000000e967aac8,0x00000000e9680000)
  to   space 38400K, 0% used [0x00000000e5a00000,0x00000000e5a00000,0x00000000e7f80000)
 ParOldGen       total 93696K, used 59576K [0x0000000080000000, 0x0000000085b80000, 0x00000000d5580000)
  object space 93696K, 63% used [0x0000000080000000,0x0000000083a2e110,0x0000000085b80000)
 Metaspace       used 80139K, capacity 84652K, committed 84888K, reserved 1122304K
  class space    used 11017K, capacity 11844K, committed 11952K, reserved 1048576K
}
Event: 35.593 GC heap before
{Heap before GC invocations=20 (full 3):
 PSYoungGen      total 290304K, used 290282K [0x00000000d5580000, 0x00000000ecc00000, 0x0000000100000000)
  eden space 266752K, 100% used [0x00000000d5580000,0x00000000e5a00000,0x00000000e5a00000)
  from space 23552K, 99% used [0x00000000e7f80000,0x00000000e967aac8,0x00000000e9680000)
  to   space 38400K, 0% used [0x00000000e5a00000,0x00000000e5a00000,0x00000000e7f80000)
 ParOldGen       total 93696K, used 59576K [0x0000000080000000, 0x0000000085b80000, 0x00000000d5580000)
  object space 93696K, 63% used [0x0000000080000000,0x0000000083a2e110,0x0000000085b80000)
 Metaspace       used 86093K, capacity 91514K, committed 91672K, reserved 1128448K
  class space    used 11846K, capacity 12817K, committed 12848K, reserved 1048576K
Event: 35.716 GC heap after
Heap after GC invocations=20 (full 3):
 PSYoungGen      total 305152K, used 38398K [0x00000000d5580000, 0x00000000ef700000, 0x0000000100000000)
  eden space 266752K, 0% used [0x00000000d5580000,0x00000000d5580000,0x00000000e5a00000)
  from space 38400K, 99% used [0x00000000e5a00000,0x00000000e7f7fb60,0x00000000e7f80000)
  to   space 56320K, 0% used [0x00000000ec000000,0x00000000ec000000,0x00000000ef700000)
 ParOldGen       total 93696K, used 90164K [0x0000000080000000, 0x0000000085b80000, 0x00000000d5580000)
  object space 93696K, 96% used [0x0000000080000000,0x000000008580d068,0x0000000085b80000)
 Metaspace       used 86093K, capacity 91514K, committed 91672K, reserved 1128448K
  class space    used 11846K, capacity 12817K, committed 12848K, reserved 1048576K
}
Event: 35.716 GC heap before
{Heap before GC invocations=21 (full 4):
 PSYoungGen      total 305152K, used 38398K [0x00000000d5580000, 0x00000000ef700000, 0x0000000100000000)
  eden space 266752K, 0% used [0x00000000d5580000,0x00000000d5580000,0x00000000e5a00000)
  from space 38400K, 99% used [0x00000000e5a00000,0x00000000e7f7fb60,0x00000000e7f80000)
  to   space 56320K, 0% used [0x00000000ec000000,0x00000000ec000000,0x00000000ef700000)
 ParOldGen       total 93696K, used 90164K [0x0000000080000000, 0x0000000085b80000, 0x00000000d5580000)
  object space 93696K, 96% used [0x0000000080000000,0x000000008580d068,0x0000000085b80000)
 Metaspace       used 86093K, capacity 91514K, committed 91672K, reserved 1128448K
  class space    used 11846K, capacity 12817K, committed 12848K, reserved 1048576K
Event: 37.895 GC heap after
Heap after GC invocations=21 (full 4):
 PSYoungGen      total 305152K, used 10152K [0x00000000d5580000, 0x00000000ef700000, 0x0000000100000000)
  eden space 266752K, 0% used [0x00000000d5580000,0x00000000d5580000,0x00000000e5a00000)
  from space 38400K, 26% used [0x00000000e5a00000,0x00000000e63ea3e0,0x00000000e7f80000)
  to   space 56320K, 0% used [0x00000000ec000000,0x00000000ec000000,0x00000000ef700000)
 ParOldGen       total 93696K, used 93362K [0x0000000080000000, 0x0000000085b80000, 0x00000000d5580000)
  object space 93696K, 99% used [0x0000000080000000,0x0000000085b2cba8,0x0000000085b80000)
 Metaspace       used 85244K, capacity 89306K, committed 91672K, reserved 1128448K
  class space    used 11552K, capacity 12297K, committed 12848K, reserved 1048576K
}

