# JRE version: OpenJDK Runtime Environment (8.0_242-b01) (build 1.8.0_242-release-1644-b01)
# Java VM: OpenJDK 64-Bit Server VM (25.242-b01 mixed mode windows-amd64 compressed oops)
Heap:
 PSYoungGen      total 416768K, used 119703K [0x00000000d5580000, 0x00000000f1380000, 0x0000000100000000)
  eden space 388096K, 30% used [0x00000000d5580000,0x00000000dca65ff8,0x00000000ed080000)
  from space 28672K, 0% used [0x00000000ef780000,0x00000000ef780000,0x00000000f1380000)
  to   space 34304K, 0% used [0x00000000ed080000,0x00000000ed080000,0x00000000ef200000)
 ParOldGen       total 147968K, used 44997K [0x0000000080000000, 0x0000000089080000, 0x00000000d5580000)
  object space 147968K, 30% used [0x0000000080000000,0x0000000082bf14f0,0x0000000089080000)
 Metaspace       used 95037K, capacity 99246K, committed 100952K, reserved 1136640K
  class space    used 12431K, capacity 13263K, committed 13696K, reserved 1048576K
GC Heap History (10 events):
Event: 26.236 GC heap before
{Heap before GC invocations=16 (full 3):
 PSYoungGen      total 262144K, used 261859K [0x00000000d5580000, 0x00000000e7d80000, 0x0000000100000000)
  eden space 245248K, 100% used [0x00000000d5580000,0x00000000e4500000,0x00000000e4500000)
  from space 16896K, 98% used [0x00000000e6d00000,0x00000000e7d38f18,0x00000000e7d80000)
  to   space 23552K, 0% used [0x00000000e4f80000,0x00000000e4f80000,0x00000000e6680000)
 ParOldGen       total 104448K, used 30670K [0x0000000080000000, 0x0000000086600000, 0x00000000d5580000)
  object space 104448K, 29% used [0x0000000080000000,0x0000000081df3a60,0x0000000086600000)
 Metaspace       used 83463K, capacity 87886K, committed 88024K, reserved 1124352K
  class space    used 11343K, capacity 12266K, committed 12288K, reserved 1048576K
Event: 26.306 GC heap after
Heap after GC invocations=16 (full 3):
 PSYoungGen      total 279552K, used 23520K [0x00000000d5580000, 0x00000000ec700000, 0x0000000100000000)
  eden space 256000K, 0% used [0x00000000d5580000,0x00000000d5580000,0x00000000e4f80000)
  from space 23552K, 99% used [0x00000000e4f80000,0x00000000e6678230,0x00000000e6680000)
  to   space 30720K, 0% used [0x00000000ea900000,0x00000000ea900000,0x00000000ec700000)
 ParOldGen       total 104448K, used 39816K [0x0000000080000000, 0x0000000086600000, 0x00000000d5580000)
  object space 104448K, 38% used [0x0000000080000000,0x00000000826e21e0,0x0000000086600000)
 Metaspace       used 83463K, capacity 87886K, committed 88024K, reserved 1124352K
  class space    used 11343K, capacity 12266K, committed 12288K, reserved 1048576K
}
Event: 5145.147 GC heap before
{Heap before GC invocations=17 (full 3):
 PSYoungGen      total 279552K, used 279520K [0x00000000d5580000, 0x00000000ec700000, 0x0000000100000000)
  eden space 256000K, 100% used [0x00000000d5580000,0x00000000e4f80000,0x00000000e4f80000)
  from space 23552K, 99% used [0x00000000e4f80000,0x00000000e6678230,0x00000000e6680000)
  to   space 30720K, 0% used [0x00000000ea900000,0x00000000ea900000,0x00000000ec700000)
 ParOldGen       total 104448K, used 39816K [0x0000000080000000, 0x0000000086600000, 0x00000000d5580000)
  object space 104448K, 38% used [0x0000000080000000,0x00000000826e21e0,0x0000000086600000)
 Metaspace       used 88412K, capacity 93214K, committed 93400K, reserved 1130496K
  class space    used 11724K, capacity 12721K, committed 12800K, reserved 1048576K
Event: 5145.523 GC heap after
Heap after GC invocations=17 (full 3):
 PSYoungGen      total 348672K, used 8068K [0x00000000d5580000, 0x00000000ec800000, 0x0000000100000000)
  eden space 317952K, 0% used [0x00000000d5580000,0x00000000d5580000,0x00000000e8c00000)
  from space 30720K, 26% used [0x00000000ea900000,0x00000000eb0e1298,0x00000000ec700000)
  to   space 29696K, 0% used [0x00000000e8c00000,0x00000000e8c00000,0x00000000ea900000)
 ParOldGen       total 104448K, used 54143K [0x0000000080000000, 0x0000000086600000, 0x00000000d5580000)
  object space 104448K, 51% used [0x0000000080000000,0x00000000834dfe20,0x0000000086600000)
 Metaspace       used 88412K, capacity 93214K, committed 93400K, reserved 1130496K
  class space    used 11724K, capacity 12721K, committed 12800K, reserved 1048576K
}
Event: 5238.868 GC heap before
{Heap before GC invocations=18 (full 3):
 PSYoungGen      total 348672K, used 326014K [0x00000000d5580000, 0x00000000ec800000, 0x0000000100000000)
  eden space 317952K, 99% used [0x00000000d5580000,0x00000000e8bfe798,0x00000000e8c00000)
  from space 30720K, 26% used [0x00000000ea900000,0x00000000eb0e1298,0x00000000ec700000)
  to   space 29696K, 0% used [0x00000000e8c00000,0x00000000e8c00000,0x00000000ea900000)
 ParOldGen       total 104448K, used 54143K [0x0000000080000000, 0x0000000086600000, 0x00000000d5580000)
  object space 104448K, 51% used [0x0000000080000000,0x00000000834dfe20,0x0000000086600000)
 Metaspace       used 91061K, capacity 95984K, committed 96216K, reserved 1132544K
  class space    used 11980K, capacity 13008K, committed 13056K, reserved 1048576K
Event: 5240.093 GC heap after
Heap after GC invocations=18 (full 3):
 PSYoungGen      total 347648K, used 29665K [0x00000000d5580000, 0x00000000f1980000, 0x0000000100000000)
  eden space 317952K, 0% used [0x00000000d5580000,0x00000000d5580000,0x00000000e8c00000)
  from space 29696K, 99% used [0x00000000e8c00000,0x00000000ea8f85b0,0x00000000ea900000)
  to   space 34816K, 0% used [0x00000000ef780000,0x00000000ef780000,0x00000000f1980000)
 ParOldGen       total 104448K, used 54960K [0x0000000080000000, 0x0000000086600000, 0x00000000d5580000)
  object space 104448K, 52% used [0x0000000080000000,0x00000000835ac3f8,0x0000000086600000)
 Metaspace       used 91061K, capacity 95984K, committed 96216K, reserved 1132544K
  class space    used 11980K, capacity 13008K, committed 13056K, reserved 1048576K
}
Event: 5245.946 GC heap before
{Heap before GC invocations=19 (full 3):
 PSYoungGen      total 347648K, used 116061K [0x00000000d5580000, 0x00000000f1980000, 0x0000000100000000)
  eden space 317952K, 27% used [0x00000000d5580000,0x00000000da9def08,0x00000000e8c00000)
  from space 29696K, 99% used [0x00000000e8c00000,0x00000000ea8f85b0,0x00000000ea900000)
  to   space 34816K, 0% used [0x00000000ef780000,0x00000000ef780000,0x00000000f1980000)
 ParOldGen       total 104448K, used 54960K [0x0000000080000000, 0x0000000086600000, 0x00000000d5580000)
  object space 104448K, 52% used [0x0000000080000000,0x00000000835ac3f8,0x0000000086600000)
 Metaspace       used 93305K, capacity 98240K, committed 98264K, reserved 1134592K
  class space    used 12276K, capacity 13292K, committed 13312K, reserved 1048576K
Event: 5246.005 GC heap after
Heap after GC invocations=19 (full 3):
 PSYoungGen      total 416768K, used 4216K [0x00000000d5580000, 0x00000000f1380000, 0x0000000100000000)
  eden space 388096K, 0% used [0x00000000d5580000,0x00000000d5580000,0x00000000ed080000)
  from space 28672K, 14% used [0x00000000ef780000,0x00000000efb9e320,0x00000000f1380000)
  to   space 34304K, 0% used [0x00000000ed080000,0x00000000ed080000,0x00000000ef200000)
 ParOldGen       total 104448K, used 61894K [0x0000000080000000, 0x0000000086600000, 0x00000000d5580000)
  object space 104448K, 59% used [0x0000000080000000,0x0000000083c71ac0,0x0000000086600000)
 Metaspace       used 93305K, capacity 98240K, committed 98264K, reserved 1134592K
  class space    used 12276K, capacity 13292K, committed 13312K, reserved 1048576K
}
Event: 5246.007 GC heap before
{Heap before GC invocations=20 (full 4):
 PSYoungGen      total 416768K, used 4216K [0x00000000d5580000, 0x00000000f1380000, 0x0000000100000000)
  eden space 388096K, 0% used [0x00000000d5580000,0x00000000d5580000,0x00000000ed080000)
  from space 28672K, 14% used [0x00000000ef780000,0x00000000efb9e320,0x00000000f1380000)
  to   space 34304K, 0% used [0x00000000ed080000,0x00000000ed080000,0x00000000ef200000)
 ParOldGen       total 104448K, used 61894K [0x0000000080000000, 0x0000000086600000, 0x00000000d5580000)
  object space 104448K, 59% used [0x0000000080000000,0x0000000083c71ac0,0x0000000086600000)
 Metaspace       used 93305K, capacity 98240K, committed 98264K, reserved 1134592K
  class space    used 12276K, capacity 13292K, committed 13312K, reserved 1048576K
Event: 5249.713 GC heap after
Heap after GC invocations=20 (full 4):
 PSYoungGen      total 416768K, used 0K [0x00000000d5580000, 0x00000000f1380000, 0x0000000100000000)
  eden space 388096K, 0% used [0x00000000d5580000,0x00000000d5580000,0x00000000ed080000)
  from space 28672K, 0% used [0x00000000ef780000,0x00000000ef780000,0x00000000f1380000)
  to   space 34304K, 0% used [0x00000000ed080000,0x00000000ed080000,0x00000000ef200000)
 ParOldGen       total 147968K, used 44997K [0x0000000080000000, 0x0000000089080000, 0x00000000d5580000)
  object space 147968K, 30% used [0x0000000080000000,0x0000000082bf14f0,0x0000000089080000)
 Metaspace       used 92145K, capacity 95900K, committed 98264K, reserved 1134592K
  class space    used 12014K, capacity 12826K, committed 13312K, reserved 1048576K
}

